<dec f='codebrowser/src/vrtql.h' l='146' type='uint8_t'/>
<offset>768</offset>
<doc f='codebrowser/src/vrtql.h' l='146'>/**&lt; Tracing leve (0 is off)     */</doc>
<use f='codebrowser/src/server.c' l='637' u='r' c='worker_thread'/>
<use f='codebrowser/src/server.c' l='656' u='r' c='worker_thread'/>
<use f='codebrowser/src/server.c' l='680' u='r' c='uv_thread'/>
<use f='codebrowser/src/server.c' l='783' u='r' c='vrtql_svr_run'/>
<use f='codebrowser/src/server.c' l='810' u='r' c='vrtql_svr_run'/>
<use f='codebrowser/src/server.c' l='833' u='r' c='vrtql_svr_run'/>
<use f='codebrowser/src/server.c' l='845' u='r' c='vrtql_svr_run'/>
<use f='codebrowser/src/server.c' l='860' u='r' c='vrtql_svr_run'/>
<use f='codebrowser/src/server.c' l='879' u='r' c='vrtql_svr_stop'/>
<use f='codebrowser/src/server.c' l='889' u='r' c='vrtql_svr_stop'/>
<use f='codebrowser/src/server.c' l='1015' u='r' c='svr_client_connect'/>
<use f='codebrowser/src/server.c' l='1023' u='r' c='svr_client_disconnect'/>
<use f='codebrowser/src/server.c' l='1153' u='r' c='svr_shutdown'/>
<use f='codebrowser/src/server.c' l='1443' u='r' c='ws_svr_client_connect'/>
<use f='codebrowser/src/server.c' l='1457' u='r' c='ws_svr_client_disconnect'/>
<use f='codebrowser/src/socket.c' l='565' u='r' c='connect_to_host'/>
<use f='codebrowser/src/test/test_common.c' l='121' u='w' c='ctest_test_error_run'/>
<use f='codebrowser/src/test/test_msg_server.c' l='40' u='w' c='server_thread'/>
<use f='codebrowser/src/test/test_server.c' l='28' u='r' c='process_data'/>
<use f='codebrowser/src/test/test_server.c' l='49' u='w' c='ctest_test_server_echo_run'/>
<use f='codebrowser/src/vrtql.c' l='314' u='r' c='vrtql_error_default_process'/>
<use f='codebrowser/src/vrtql.c' l='397' u='w'/>
