<dec f='codebrowser/src/server.h' l='241' type='uint8_t'/>
<use f='codebrowser/src/server.c' l='653' u='r' c='worker_thread'/>
<use f='codebrowser/src/server.c' l='677' u='r' c='uv_thread'/>
<use f='codebrowser/src/server.c' l='780' u='r' c='vrtql_svr_run'/>
<use f='codebrowser/src/server.c' l='807' u='r' c='vrtql_svr_run'/>
<use f='codebrowser/src/server.c' l='830' u='r' c='vrtql_svr_run'/>
<use f='codebrowser/src/server.c' l='842' u='r' c='vrtql_svr_run'/>
<use f='codebrowser/src/server.c' l='859' u='r' c='vrtql_svr_run'/>
<use f='codebrowser/src/server.c' l='872' u='w' c='vrtql_svr_trace'/>
<use f='codebrowser/src/server.c' l='885' u='r' c='vrtql_svr_stop'/>
<use f='codebrowser/src/server.c' l='895' u='r' c='vrtql_svr_stop'/>
<use f='codebrowser/src/server.c' l='926' u='w' c='svr_ctor'/>
<use f='codebrowser/src/server.c' l='1022' u='r' c='svr_client_connect'/>
<use f='codebrowser/src/server.c' l='1030' u='r' c='svr_client_disconnect'/>
<use f='codebrowser/src/server.c' l='1160' u='r' c='svr_shutdown'/>
<use f='codebrowser/src/server.c' l='1451' u='r' c='ws_svr_client_connect'/>
<use f='codebrowser/src/server.c' l='1465' u='r' c='ws_svr_client_disconnect'/>
<offset>3072</offset>
<doc f='codebrowser/src/server.h' l='240'>/**&lt; Debugging trace flag */</doc>
<use f='codebrowser/src/test/test_server.c' l='28' u='r' c='process_data'/>
<use f='codebrowser/src/test/test_server.c' l='49' u='w' c='ctest_test_server_echo_run'/>
